2016-07-21 14:36:01,676 INFO forDebug [http-nio-8090-exec-3] methodProfile->/jf/libfun/user/dspIndex->0
2016-07-21 14:36:02,368 INFO forDebug [http-nio-8090-exec-9] methodProfile->/jf/messageList/queryMessages->30
2016-07-21 14:36:04,882 INFO forDebug [http-nio-8090-exec-4] methodProfile->/jf/libfun/libconfig->0
2016-07-21 14:36:05,283 INFO forDebug [http-nio-8090-exec-10] methodProfile->/jf/messageList/queryMessages->4
2016-07-21 14:36:05,420 INFO forDebug [http-nio-8090-exec-2] methodProfile->/jf/libfun/libconfig/query->27
2016-07-21 14:36:06,140 INFO forDebug [http-nio-8090-exec-5] methodProfile->/jf/libfun/user->0
2016-07-21 14:36:06,501 INFO forDebug [http-nio-8090-exec-1] methodProfile->/jf/messageList/queryMessages->6
2016-07-21 14:36:06,640 INFO forDebug [http-nio-8090-exec-3] methodProfile->/jf/libfun/user/query->29
2016-07-21 14:36:06,943 INFO forDebug [http-nio-8090-exec-8] methodProfile->/jf/libfun/role->0
2016-07-21 14:36:07,348 INFO forDebug [http-nio-8090-exec-8] methodProfile->/jf/messageList/queryMessages->5
2016-07-21 14:36:07,515 INFO forDebug [http-nio-8090-exec-7] methodProfile->/jf/libfun/role/query->21
2016-07-21 14:47:02,014 INFO forDebug [http-nio-8090-exec-9] methodProfile->/jf/libfun/role/query->21
2016-07-21 14:47:02,575 INFO forDebug [http-nio-8090-exec-4] methodProfile->/jf/libfun/role/query->11
2016-07-21 14:47:02,761 INFO forDebug [http-nio-8090-exec-10] methodProfile->/jf/libfun/role/query->16
2016-07-21 14:47:02,949 INFO forDebug [http-nio-8090-exec-6] methodProfile->/jf/libfun/role/query->12
2016-07-21 14:47:03,130 INFO forDebug [http-nio-8090-exec-2] methodProfile->/jf/libfun/role/query->31
2016-07-21 14:47:03,249 INFO forDebug [http-nio-8090-exec-5] methodProfile->/jf/libfun/role/query->10
2016-07-22 16:16:03,424 INFO forDebug [http-nio-8090-exec-5] methodProfile->/jf/libfun/user/dspIndex->0
2016-07-22 16:16:04,914 INFO forDebug [http-nio-8090-exec-8] methodProfile->/jf/messageList/queryMessages->58
2016-07-22 16:16:08,107 INFO forDebug [http-nio-8090-exec-9] methodProfile->/jf/libfun/role->0
2016-07-22 16:16:08,648 INFO forDebug [http-nio-8090-exec-10] methodProfile->/jf/messageList/queryMessages->4
2016-07-22 16:16:08,809 INFO forDebug [http-nio-8090-exec-2] methodProfile->/jf/libfun/role/query->33
2016-07-22 16:16:10,762 INFO forDebug [http-nio-8090-exec-3] methodProfile->/jf/libfun/user->0
2016-07-22 16:16:11,174 INFO forDebug [http-nio-8090-exec-4] methodProfile->/jf/messageList/queryMessages->3
2016-07-22 16:16:11,339 INFO forDebug [http-nio-8090-exec-5] methodProfile->/jf/libfun/user/query->32
2016-07-22 16:16:12,088 INFO forDebug [http-nio-8090-exec-6] methodProfile->/jf/libfun/libconfig->0
2016-07-22 16:16:12,454 INFO forDebug [http-nio-8090-exec-7] methodProfile->/jf/messageList/queryMessages->3
2016-07-22 16:16:12,543 INFO forDebug [http-nio-8090-exec-8] methodProfile->/jf/libfun/libconfig/query->18
2016-07-22 16:16:13,647 INFO forDebug [http-nio-8090-exec-9] methodProfile->/jf/libfun/array->0
2016-07-22 16:16:14,019 INFO forDebug [http-nio-8090-exec-10] methodProfile->/jf/messageList/queryMessages->3
2016-07-22 16:16:14,121 INFO forDebug [http-nio-8090-exec-1] methodProfile->/jf/libfun/array/query->18
2016-07-22 16:16:15,164 INFO forDebug [http-nio-8090-exec-2] methodProfile->/jf/libfun/privilege->0
2016-07-22 16:16:15,562 INFO forDebug [http-nio-8090-exec-3] methodProfile->/jf/messageList/queryMessages->3
2016-07-22 16:16:15,658 INFO forDebug [http-nio-8090-exec-4] methodProfile->/jf/libfun/privilege/query->23
2016-07-22 16:16:16,637 INFO forDebug [http-nio-8090-exec-5] methodProfile->/jf/libfun/menu->5
2016-07-22 16:16:17,057 INFO forDebug [http-nio-8090-exec-8] methodProfile->/jf/messageList/queryMessages->3
2016-07-22 16:16:17,186 INFO forDebug [http-nio-8090-exec-9] methodProfile->/jf/libfun/menu/query->32
2016-07-22 16:16:17,820 INFO forDebug [http-nio-8090-exec-10] methodProfile->/jf/messageList->6
2016-07-22 16:16:18,276 INFO forDebug [http-nio-8090-exec-7] methodProfile->/jf/messageList/queryMessages->3
2016-07-22 16:16:18,394 INFO forDebug [http-nio-8090-exec-8] methodProfile->/jf/messageList/query->27
2016-07-22 16:16:19,297 INFO forDebug [http-nio-8090-exec-9] methodProfile->/jf/libfun/syslog->0
2016-07-22 16:16:19,700 INFO forDebug [http-nio-8090-exec-10] methodProfile->/jf/messageList/queryMessages->4
2016-07-22 16:16:19,804 INFO forDebug [http-nio-8090-exec-2] methodProfile->/jf/libfun/syslog/query->22
2016-07-22 16:16:22,690 INFO forDebug [http-nio-8090-exec-1] methodProfile->/jf/libfun/syslog/query->23
2016-07-22 16:16:23,367 INFO forDebug [http-nio-8090-exec-3] methodProfile->/jf/libfun/syslog/query->16
2016-07-22 16:16:24,534 INFO forDebug [http-nio-8090-exec-4] methodProfile->/jf/libfun/syslog/query->28
2016-07-22 16:16:26,976 INFO forDebug [http-nio-8090-exec-5] methodProfile->/jf/libfun/user->0
2016-07-22 16:16:27,302 INFO forDebug [http-nio-8090-exec-6] methodProfile->/jf/messageList/queryMessages->5
2016-07-22 16:16:27,442 INFO forDebug [http-nio-8090-exec-7] methodProfile->/jf/libfun/user/query->13
2016-07-22 16:16:28,464 INFO forDebug [http-nio-8090-exec-8] methodProfile->/jf/libfun/role->0
2016-07-22 16:16:28,924 INFO forDebug [http-nio-8090-exec-9] methodProfile->/jf/messageList/queryMessages->3
2016-07-22 16:16:29,055 INFO forDebug [http-nio-8090-exec-10] methodProfile->/jf/libfun/role/query->15
2016-07-22 16:16:32,029 INFO forDebug [http-nio-8090-exec-2] methodProfile->/jf/libfun/user->0
2016-07-22 16:16:32,357 INFO forDebug [http-nio-8090-exec-1] methodProfile->/jf/messageList/queryMessages->7
2016-07-22 16:16:32,470 INFO forDebug [http-nio-8090-exec-3] methodProfile->/jf/libfun/user/query->10
2016-07-22 16:16:33,109 INFO forDebug [http-nio-8090-exec-4] methodProfile->/jf/libfun/libconfig->0
2016-07-22 16:16:33,450 INFO forDebug [http-nio-8090-exec-5] methodProfile->/jf/messageList/queryMessages->3
2016-07-22 16:16:33,546 INFO forDebug [http-nio-8090-exec-6] methodProfile->/jf/libfun/libconfig/query->17
2016-07-22 16:16:36,193 INFO forDebug [http-nio-8090-exec-7] methodProfile->/jf/libfun/libconfig/insert->1
2016-07-22 16:46:44,078 INFO forDebug [http-nio-8090-exec-5] methodProfile->/jf/libfun/user/dspIndex->0
2016-07-22 16:46:44,837 INFO forDebug [http-nio-8090-exec-6] methodProfile->/jf/messageList/queryMessages->39
2016-07-22 16:46:47,088 INFO forDebug [http-nio-8090-exec-1] methodProfile->/jf/libfun/role->0
2016-07-22 16:46:47,444 INFO forDebug [http-nio-8090-exec-3] methodProfile->/jf/messageList/queryMessages->3
2016-07-22 16:46:47,630 INFO forDebug [http-nio-8090-exec-4] methodProfile->/jf/libfun/role/query->23
2016-07-22 16:46:49,109 INFO forDebug [http-nio-8090-exec-5] methodProfile->/jf/libfun/role/query->16
2016-07-22 16:46:49,661 INFO forDebug [http-nio-8090-exec-6] methodProfile->/jf/libfun/role/query->12
2016-07-22 16:46:50,600 INFO forDebug [http-nio-8090-exec-7] methodProfile->/jf/libfun/user->0
2016-07-22 16:46:51,034 INFO forDebug [http-nio-8090-exec-8] methodProfile->/jf/messageList/queryMessages->3
2016-07-22 16:46:51,200 INFO forDebug [http-nio-8090-exec-9] methodProfile->/jf/libfun/user/query->21
2016-07-22 16:46:52,041 INFO forDebug [http-nio-8090-exec-2] methodProfile->/jf/libfun/user/query->16
2016-07-22 16:46:52,629 INFO forDebug [http-nio-8090-exec-10] methodProfile->/jf/libfun/user/query->19
2016-07-22 16:46:53,602 INFO forDebug [http-nio-8090-exec-1] methodProfile->/jf/libfun/libconfig->0
2016-07-22 16:46:53,993 INFO forDebug [http-nio-8090-exec-3] methodProfile->/jf/messageList/queryMessages->3
2016-07-22 16:46:54,101 INFO forDebug [http-nio-8090-exec-4] methodProfile->/jf/libfun/libconfig/query->18
2016-07-22 16:46:55,172 INFO forDebug [http-nio-8090-exec-5] methodProfile->/jf/libfun/libconfig/query->17
2016-07-22 16:46:55,643 INFO forDebug [http-nio-8090-exec-6] methodProfile->/jf/libfun/libconfig/query->14
2016-07-22 16:46:56,569 INFO forDebug [http-nio-8090-exec-7] methodProfile->/jf/libfun/array->1
2016-07-22 16:46:56,914 INFO forDebug [http-nio-8090-exec-8] methodProfile->/jf/messageList/queryMessages->4
2016-07-22 16:46:57,015 INFO forDebug [http-nio-8090-exec-9] methodProfile->/jf/libfun/array/query->11
2016-07-22 16:46:58,046 INFO forDebug [http-nio-8090-exec-2] methodProfile->/jf/libfun/array/query->11
2016-07-22 16:46:58,494 INFO forDebug [http-nio-8090-exec-10] methodProfile->/jf/libfun/array/query->11
2016-07-22 16:47:00,030 INFO forDebug [http-nio-8090-exec-1] methodProfile->/jf/libfun/arrayItem->0
2016-07-22 16:47:00,361 INFO forDebug [http-nio-8090-exec-3] methodProfile->/jf/messageList/queryMessages->6
2016-07-22 16:47:00,468 INFO forDebug [http-nio-8090-exec-4] methodProfile->/jf/libfun/arrayItem/query->16
2016-07-22 16:47:08,350 INFO forDebug [http-nio-8090-exec-5] methodProfile->/jf/libfun/privilege->0
2016-07-22 16:47:08,687 INFO forDebug [http-nio-8090-exec-6] methodProfile->/jf/messageList/queryMessages->5
2016-07-22 16:47:08,803 INFO forDebug [http-nio-8090-exec-7] methodProfile->/jf/libfun/privilege/query->10
2016-07-22 16:47:13,724 INFO forDebug [http-nio-8090-exec-8] methodProfile->/jf/messageList->7
2016-07-22 16:47:14,157 INFO forDebug [http-nio-8090-exec-9] methodProfile->/jf/messageList/queryMessages->3
2016-07-22 16:47:14,258 INFO forDebug [http-nio-8090-exec-2] methodProfile->/jf/messageList/query->17
2016-07-22 16:47:15,927 INFO forDebug [http-nio-8090-exec-10] methodProfile->/jf/libfun/menu->3
2016-07-22 16:47:16,302 INFO forDebug [http-nio-8090-exec-1] methodProfile->/jf/messageList/queryMessages->3
2016-07-22 16:47:16,413 INFO forDebug [http-nio-8090-exec-3] methodProfile->/jf/libfun/menu/query->13
2016-07-22 16:47:17,912 INFO forDebug [http-nio-8090-exec-4] methodProfile->/jf/libfun/syslog->0
2016-07-22 16:47:18,288 INFO forDebug [http-nio-8090-exec-5] methodProfile->/jf/messageList/queryMessages->3
2016-07-22 16:47:18,390 INFO forDebug [http-nio-8090-exec-6] methodProfile->/jf/libfun/syslog/query->22
2016-07-22 16:47:27,661 INFO forDebug [http-nio-8090-exec-10] methodProfile->/jf/libfun/user/dspIndex->0
2016-07-22 16:47:28,051 INFO forDebug [http-nio-8090-exec-1] methodProfile->/jf/messageList/queryMessages->3
2016-07-22 16:50:24,499 INFO forDebug [http-nio-8090-exec-3] methodProfile->/jf/libfun/user->0
2016-07-22 16:50:25,040 INFO forDebug [http-nio-8090-exec-4] methodProfile->/jf/messageList/queryMessages->3
2016-07-22 16:50:25,210 INFO forDebug [http-nio-8090-exec-5] methodProfile->/jf/libfun/user/query->9
2016-07-22 16:53:19,810 INFO forDebug [http-nio-8090-exec-6] methodProfile->/jf/libfun/user/query->11
2016-07-22 16:53:20,455 INFO forDebug [http-nio-8090-exec-7] methodProfile->/jf/libfun/user/query->8
2016-07-22 16:53:23,038 INFO forDebug [http-nio-8090-exec-8] methodProfile->/jf/libfun/user/queryRoleByUserName->5
2016-07-22 16:53:23,054 INFO forDebug [http-nio-8090-exec-9] methodProfile->/jf/libfun/user/queryExcludedRoleByUsername->1
2016-07-22 16:53:24,443 INFO forDebug [http-nio-8090-exec-2] methodProfile->/jf/libfun/user/queryRoleByUserName->1
2016-07-22 16:53:24,451 INFO forDebug [http-nio-8090-exec-10] methodProfile->/jf/libfun/user/queryExcludedRoleByUsername->1
2016-07-22 17:08:01,888 INFO forDebug [http-nio-8090-exec-1] methodProfile->/jf/libfun/user/queryRoleByUserName->5
2016-07-22 17:08:01,892 INFO forDebug [http-nio-8090-exec-3] methodProfile->/jf/libfun/user/queryExcludedRoleByUsername->2
